[03:36:47] [main/INFO]: Using mbed TLS based native cipher.
[03:36:47] [main/INFO]: Using zlib based native compressor.
[03:36:47] [main/INFO]: Enabled Waterfall version git:Waterfall-Bootstrap:1.19-R0.1-SNAPSHOT:f6069e2:513
[03:36:47] [main/INFO]: Not on Windows, attempting to use enhanced EpollEventLoop
[03:36:47] [main/INFO]: Epoll is working, utilising it!
[03:36:47] [main/INFO]: Discovered module: ModuleSpec(name=cmd_alert, file=modules/cmd_alert.jar, provider=JenkinsModuleSource())
[03:36:47] [main/INFO]: Discovered module: ModuleSpec(name=cmd_find, file=modules/cmd_find.jar, provider=JenkinsModuleSource())
[03:36:47] [main/INFO]: Discovered module: ModuleSpec(name=cmd_list, file=modules/cmd_list.jar, provider=JenkinsModuleSource())
[03:36:47] [main/INFO]: Discovered module: ModuleSpec(name=cmd_send, file=modules/cmd_send.jar, provider=JenkinsModuleSource())
[03:36:47] [main/INFO]: Discovered module: ModuleSpec(name=cmd_server, file=modules/cmd_server.jar, provider=JenkinsModuleSource())
[03:36:47] [main/INFO]: Discovered module: ModuleSpec(name=reconnect_yaml, file=modules/reconnect_yaml.jar, provider=JenkinsModuleSource())
[03:36:47] [main/INFO]: Loaded plugin reconnect_yaml version git:reconnect_yaml:1.19-R0.1-SNAPSHOT:f6069e2:513 by WaterfallMC
[03:36:47] [main/INFO]: Loaded plugin cmd_find version git:cmd_find:1.19-R0.1-SNAPSHOT:f6069e2:513 by WaterfallMC
[03:36:47] [main/INFO]: Loaded plugin cmd_server version git:cmd_server:1.19-R0.1-SNAPSHOT:f6069e2:513 by WaterfallMC
[03:36:47] [main/INFO]: Loaded plugin cmd_alert version git:cmd_alert:1.19-R0.1-SNAPSHOT:f6069e2:513 by WaterfallMC
[03:36:47] [main/INFO]: Loaded plugin cmd_send version git:cmd_send:1.19-R0.1-SNAPSHOT:f6069e2:513 by WaterfallMC
[03:36:47] [main/INFO]: Loaded plugin cmd_list version git:cmd_list:1.19-R0.1-SNAPSHOT:f6069e2:513 by WaterfallMC
[03:36:47] [main/WARN]: :>:>:>:>:>:>:>:>:>:>:>:>:>:>:>:>:>:>:>:>:>:>:>
[03:36:47] [main/WARN]: :>  
[03:36:47] [main/WARN]: :>      EAGLERCRAFTXBUNGEE WARNING:
[03:36:47] [main/WARN]: :>  
[03:36:47] [main/WARN]: :>  This plugin wasn't tested to be 'working'
[03:36:47] [main/WARN]: :>  with ANY version of BungeeCord (and forks)
[03:36:47] [main/WARN]: :>  apart from the versions listed below:
[03:36:47] [main/WARN]: :>  
[03:36:47] [main/WARN]: :>  - BungeeCord: 1.20-R0.2-SNAPSHOT:231024b:1777
[03:36:47] [main/WARN]: :>  - Waterfall: 1.20-R0.2-SNAPSHOT:d85fe36:556
[03:36:47] [main/WARN]: :>  - FlameCord: 1.1.1
[03:36:47] [main/WARN]: :>  
[03:36:47] [main/WARN]: :>  This is not a Bukkit/Spigot plugin!
[03:36:47] [main/WARN]: :>  
[03:36:47] [main/WARN]: :>  Use "-Deaglerxbungee.stfu=true" to hide
[03:36:47] [main/WARN]: :>  
[03:36:47] [main/WARN]: :>:>:>:>:>:>:>:>:>:>:>:>:>:>:>:>:>:>:>:>:>:>:>
[03:36:47] [main/INFO] [EaglercraftXBungee]: Loading vanilla profile: lax1dude
[03:36:48] [Skin Download Thread #1/INFO] [EaglercraftXBungee]: Loaded vanilla profile: lax1dude
[03:36:48] [main/INFO]: Loaded plugin EaglercraftXBungee version 1.0.9 by lax1dude
[03:36:48] [main/WARN]: Forced host server pvp is not defined
[03:36:48] [main/INFO]: Enabled plugin reconnect_yaml version git:reconnect_yaml:1.19-R0.1-SNAPSHOT:f6069e2:513 by WaterfallMC
[03:36:48] [main/INFO]: Enabled plugin cmd_find version git:cmd_find:1.19-R0.1-SNAPSHOT:f6069e2:513 by WaterfallMC
[03:36:48] [main/INFO]: Enabled plugin cmd_server version git:cmd_server:1.19-R0.1-SNAPSHOT:f6069e2:513 by WaterfallMC
[03:36:48] [main/INFO]: Enabled plugin cmd_alert version git:cmd_alert:1.19-R0.1-SNAPSHOT:f6069e2:513 by WaterfallMC
[03:36:48] [main/INFO]: Enabled plugin cmd_send version git:cmd_send:1.19-R0.1-SNAPSHOT:f6069e2:513 by WaterfallMC
[03:36:48] [main/INFO]: Enabled plugin cmd_list version git:cmd_list:1.19-R0.1-SNAPSHOT:f6069e2:513 by WaterfallMC
[03:36:48] [main/ERROR] [EaglercraftXBungee]: Online mode is set to false! Authentication system has been disabled
[03:36:48] [Netty Worker IO Thread #0/INFO] [EaglercraftXBungee]: Eaglercraft is listening on: /0.0.0.0:8081
[03:36:48] [main/INFO] [EaglercraftXBungee]: Connected to database: jdbc:sqlite:eaglercraft_skins_cache.db
[03:36:48] [main/INFO]: Enabled plugin EaglercraftXBungee version 1.0.9 by lax1dude
[03:36:48] [Netty Boss IO Thread #0/INFO]: Listening on /127.0.0.1:25577
[03:42:01] [Netty Worker IO Thread #3/WARN] [EaglercraftXBungee]: Server icon is not a file: /workspaces/Server/bungee/server-icon.png
[03:47:33] [Netty Worker IO Thread #2/INFO] [EaglercraftXBungee]: [/[0:0:0:0:0:0:0:1%0]:41912]: Connected via websocket
[03:47:33] [Netty Worker IO Thread #2/INFO] [EaglercraftXBungee]: [/[0:0:0:0:0:0:0:1%0]:41912]: Origin header is https://oncoursemail.github.io
[03:47:34] [Netty Worker IO Thread #2/INFO] [EaglercraftXBungee]: [/[0:0:0:0:0:0:0:1%0]:41912]: Logged in as 'Toast_RYNO'
[03:47:34] [Netty Worker IO Thread #2/INFO]: [/[0:0:0:0:0:0:0:1%0]:41912|Toast_RYNO] -> UpstreamBridge has connected
[03:47:34] [Netty Worker IO Thread #2/INFO]: [Toast_RYNO|/[0:0:0:0:0:0:0:1%0]:41912] <-> ServerConnector [lobby] has connected
[03:52:38] [Netty Worker IO Thread #2/INFO]: [/[0:0:0:0:0:0:0:1%0]:41912|Toast_RYNO] -> UpstreamBridge has disconnected
[03:52:38] [Netty Worker IO Thread #2/INFO]: [Toast_RYNO] disconnected with: Proxy lost connection to server.
[03:52:38] [Netty Worker IO Thread #2/INFO]: [/[0:0:0:0:0:0:0:1%0]:41912|Toast_RYNO] <-> DownstreamBridge <-> [lobby] has disconnected
[03:55:28] [Netty Worker IO Thread #0/INFO] [EaglercraftXBungee]: [/[0:0:0:0:0:0:0:1%0]:53708]: Connected via websocket
[03:55:28] [Netty Worker IO Thread #0/INFO] [EaglercraftXBungee]: [/[0:0:0:0:0:0:0:1%0]:53708]: Origin header is https://oncoursemail.github.io
[03:55:29] [Netty Worker IO Thread #0/INFO] [EaglercraftXBungee]: [/[0:0:0:0:0:0:0:1%0]:53708]: Logged in as 'Toast_RYNO'
[03:55:29] [Netty Worker IO Thread #0/INFO]: [/[0:0:0:0:0:0:0:1%0]:53708|Toast_RYNO] -> UpstreamBridge has connected
[03:55:29] [Netty Worker IO Thread #0/INFO]: [Toast_RYNO|/[0:0:0:0:0:0:0:1%0]:53708] <-> ServerConnector [lobby] has connected
[03:55:37] [Netty Worker IO Thread #0/INFO]: [/[0:0:0:0:0:0:0:1%0]:53708|Toast_RYNO] -> UpstreamBridge has disconnected
[03:55:37] [Netty Worker IO Thread #0/INFO]: [Toast_RYNO] disconnected with: Proxy lost connection to server.
[03:55:37] [Netty Worker IO Thread #0/INFO]: [/[0:0:0:0:0:0:0:1%0]:53708|Toast_RYNO] <-> DownstreamBridge <-> [lobby] has disconnected
[03:56:24] [Netty Worker IO Thread #2/INFO] [EaglercraftXBungee]: [/[0:0:0:0:0:0:0:1%0]:42862]: Connected via websocket
[03:56:24] [Netty Worker IO Thread #2/INFO] [EaglercraftXBungee]: [/[0:0:0:0:0:0:0:1%0]:42862]: Origin header is https://oncoursemail.github.io
[03:56:24] [Netty Worker IO Thread #2/INFO] [EaglercraftXBungee]: [/[0:0:0:0:0:0:0:1%0]:42862]: Logged in as 'Toast_RYNO'
[03:56:24] [Netty Worker IO Thread #2/INFO]: [/[0:0:0:0:0:0:0:1%0]:42862|Toast_RYNO] -> UpstreamBridge has connected
[03:56:24] [Netty Worker IO Thread #2/INFO]: [Toast_RYNO|/[0:0:0:0:0:0:0:1%0]:42862] <-> ServerConnector [lobby] has connected
[03:58:09] [Netty Worker IO Thread #2/INFO]: [/[0:0:0:0:0:0:0:1%0]:42862|Toast_RYNO] -> UpstreamBridge has disconnected
[03:58:09] [Netty Worker IO Thread #2/INFO]: [Toast_RYNO] disconnected with: Proxy lost connection to server.
[03:58:09] [Netty Worker IO Thread #2/INFO]: [/[0:0:0:0:0:0:0:1%0]:42862|Toast_RYNO] <-> DownstreamBridge <-> [lobby] has disconnected
[03:58:58] [Netty Worker IO Thread #0/INFO] [EaglercraftXBungee]: [/[0:0:0:0:0:0:0:1%0]:51952]: Connected via websocket
[03:58:58] [Netty Worker IO Thread #0/INFO] [EaglercraftXBungee]: [/[0:0:0:0:0:0:0:1%0]:51952]: Origin header is https://oncoursemail.github.io
[03:58:58] [Netty Worker IO Thread #0/INFO] [EaglercraftXBungee]: [/[0:0:0:0:0:0:0:1%0]:51952]: Logged in as 'Toast_RYNO'
[03:58:58] [Netty Worker IO Thread #0/INFO]: [/[0:0:0:0:0:0:0:1%0]:51952|Toast_RYNO] -> UpstreamBridge has connected
[03:58:58] [Netty Worker IO Thread #0/INFO]: [Toast_RYNO|/[0:0:0:0:0:0:0:1%0]:51952] <-> ServerConnector [lobby] has connected
[04:01:26] [Netty Worker IO Thread #0/INFO]: [/[0:0:0:0:0:0:0:1%0]:51952|Toast_RYNO] -> UpstreamBridge has disconnected
[04:01:26] [Netty Worker IO Thread #0/INFO]: [Toast_RYNO] disconnected with: Proxy lost connection to server.
[04:01:26] [Netty Worker IO Thread #0/INFO]: [/[0:0:0:0:0:0:0:1%0]:51952|Toast_RYNO] <-> DownstreamBridge <-> [lobby] has disconnected
[04:01:28] [Netty Worker IO Thread #2/INFO] [EaglercraftXBungee]: [/[0:0:0:0:0:0:0:1%0]:44740]: Connected via websocket
[04:01:28] [Netty Worker IO Thread #2/INFO] [EaglercraftXBungee]: [/[0:0:0:0:0:0:0:1%0]:44740]: Origin header is https://oncoursemail.github.io
[04:01:28] [Netty Worker IO Thread #2/INFO] [EaglercraftXBungee]: [/[0:0:0:0:0:0:0:1%0]:44740]: Logged in as 'Toast_RYNO'
[04:01:28] [Netty Worker IO Thread #2/INFO]: [/[0:0:0:0:0:0:0:1%0]:44740|Toast_RYNO] -> UpstreamBridge has connected
[04:01:28] [Netty Worker IO Thread #2/INFO]: [Toast_RYNO|/[0:0:0:0:0:0:0:1%0]:44740] <-> ServerConnector [lobby] has connected
[04:03:27] [Netty Worker IO Thread #2/INFO]: [/[0:0:0:0:0:0:0:1%0]:44740|Toast_RYNO] -> UpstreamBridge has disconnected
[04:03:27] [Netty Worker IO Thread #2/INFO]: [Toast_RYNO] disconnected with: Proxy lost connection to server.
[04:03:27] [Netty Worker IO Thread #2/INFO]: [/[0:0:0:0:0:0:0:1%0]:44740|Toast_RYNO] <-> DownstreamBridge <-> [lobby] has disconnected
[04:03:30] [Netty Worker IO Thread #1/INFO] [EaglercraftXBungee]: [/[0:0:0:0:0:0:0:1%0]:45796]: Connected via websocket
[04:03:30] [Netty Worker IO Thread #1/INFO] [EaglercraftXBungee]: [/[0:0:0:0:0:0:0:1%0]:45796]: Origin header is https://oncoursemail.github.io
[04:03:30] [Netty Worker IO Thread #1/INFO] [EaglercraftXBungee]: [/[0:0:0:0:0:0:0:1%0]:45796]: Logged in as 'Toast_RYNO'
[04:03:30] [Netty Worker IO Thread #1/INFO]: [/[0:0:0:0:0:0:0:1%0]:45796|Toast_RYNO] -> UpstreamBridge has connected
[04:03:30] [Netty Worker IO Thread #1/INFO]: [Toast_RYNO|/[0:0:0:0:0:0:0:1%0]:45796] <-> ServerConnector [lobby] has connected
[04:09:25] [Netty Worker IO Thread #1/INFO]: [/[0:0:0:0:0:0:0:1%0]:45796|Toast_RYNO] -> UpstreamBridge has disconnected
[04:09:25] [Netty Worker IO Thread #1/INFO]: [Toast_RYNO] disconnected with: Proxy lost connection to server.
[04:09:25] [Netty Worker IO Thread #1/INFO]: [/[0:0:0:0:0:0:0:1%0]:45796|Toast_RYNO] <-> DownstreamBridge <-> [lobby] has disconnected
[04:09:27] [Netty Worker IO Thread #3/INFO] [EaglercraftXBungee]: [/[0:0:0:0:0:0:0:1%0]:38390]: Connected via websocket
[04:09:27] [Netty Worker IO Thread #3/INFO] [EaglercraftXBungee]: [/[0:0:0:0:0:0:0:1%0]:38390]: Origin header is https://oncoursemail.github.io
[04:09:27] [Netty Worker IO Thread #3/INFO] [EaglercraftXBungee]: [/[0:0:0:0:0:0:0:1%0]:38390]: Logged in as 'Toast_RYNO'
[04:09:27] [Netty Worker IO Thread #3/INFO]: [/[0:0:0:0:0:0:0:1%0]:38390|Toast_RYNO] -> UpstreamBridge has connected
[04:09:27] [Netty Worker IO Thread #3/INFO]: [Toast_RYNO|/[0:0:0:0:0:0:0:1%0]:38390] <-> ServerConnector [lobby] has connected
[04:12:59] [Netty Worker IO Thread #3/INFO]: [/[0:0:0:0:0:0:0:1%0]:38390|Toast_RYNO] -> UpstreamBridge has disconnected
[04:12:59] [Netty Worker IO Thread #3/INFO]: [Toast_RYNO] disconnected with: Proxy lost connection to server.
[04:12:59] [Netty Worker IO Thread #3/INFO]: [/[0:0:0:0:0:0:0:1%0]:38390|Toast_RYNO] <-> DownstreamBridge <-> [lobby] has disconnected
[04:13:19] [Netty Worker IO Thread #0/INFO] [EaglercraftXBungee]: [/[0:0:0:0:0:0:0:1%0]:48474]: Connected via websocket
[04:13:19] [Netty Worker IO Thread #0/INFO] [EaglercraftXBungee]: [/[0:0:0:0:0:0:0:1%0]:48474]: Origin header is http://localhost:8081
[04:13:19] [Netty Worker IO Thread #0/INFO] [EaglercraftXBungee]: [/[0:0:0:0:0:0:0:1%0]:48474]: Logged in as 'Toast_RYNO'
[04:13:19] [Netty Worker IO Thread #0/INFO]: [/[0:0:0:0:0:0:0:1%0]:48474|Toast_RYNO] -> UpstreamBridge has connected
[04:13:19] [Netty Worker IO Thread #0/INFO]: [Toast_RYNO|/[0:0:0:0:0:0:0:1%0]:48474] <-> ServerConnector [lobby] has connected
[04:14:05] [Netty Worker IO Thread #0/INFO]: [/[0:0:0:0:0:0:0:1%0]:48474|Toast_RYNO] -> UpstreamBridge has disconnected
[04:14:05] [Netty Worker IO Thread #0/INFO]: [Toast_RYNO] disconnected with: Proxy lost connection to server.
[04:14:05] [Netty Worker IO Thread #0/INFO]: [/[0:0:0:0:0:0:0:1%0]:48474|Toast_RYNO] <-> DownstreamBridge <-> [lobby] has disconnected
[04:16:23] [Netty Worker IO Thread #2/INFO] [EaglercraftXBungee]: [/[0:0:0:0:0:0:0:1%0]:58522]: Connected via websocket
[04:16:23] [Netty Worker IO Thread #2/INFO] [EaglercraftXBungee]: [/[0:0:0:0:0:0:0:1%0]:58522]: Origin header is http://localhost:8081
[04:16:23] [Netty Worker IO Thread #2/INFO] [EaglercraftXBungee]: [/[0:0:0:0:0:0:0:1%0]:58522]: Logged in as 'Toast_RYNO'
[04:16:23] [Netty Worker IO Thread #2/INFO]: [/[0:0:0:0:0:0:0:1%0]:58522|Toast_RYNO] -> UpstreamBridge has connected
[04:16:23] [Netty Worker IO Thread #2/INFO]: [Toast_RYNO|/[0:0:0:0:0:0:0:1%0]:58522] <-> ServerConnector [lobby] has connected
